<?xml version="1.0" encoding="UTF-8"?>
<testsuite xmlns:xsi="http://www.w3.org/2001/XMLSchema-instance" xsi:noNamespaceSchemaLocation="https://maven.apache.org/surefire/maven-surefire-plugin/xsd/surefire-test-report-3.0.xsd" version="3.0" name="com.cy.store.StoreApplicationTests" time="3.047" tests="2" errors="0" skipped="0" failures="0">
  <properties>
[...]
</properties>
  <testcase name="getConnection" classname="com.cy.store.StoreApplicationTests" time="0.908">
    <system-out><![CDATA[13:11:26.687 [main] DEBUG org.springframework.test.context.BootstrapUtils - Instantiating CacheAwareContextLoaderDelegate from class [org.springframework.test.context.cache.DefaultCacheAwareContextLoaderDelegate]
13:11:26.694 [main] DEBUG org.springframework.test.context.BootstrapUtils - Instantiating BootstrapContext using constructor [public org.springframework.test.context.support.DefaultBootstrapContext(java.lang.Class,org.springframework.test.context.CacheAwareContextLoaderDelegate)]
13:11:26.719 [main] DEBUG org.springframework.test.context.BootstrapUtils - Instantiating TestContextBootstrapper for test class [com.cy.store.StoreApplicationTests] from class [org.springframework.boot.test.context.SpringBootTestContextBootstrapper]
13:11:26.729 [main] INFO org.springframework.boot.test.context.SpringBootTestContextBootstrapper - Neither @ContextConfiguration nor @ContextHierarchy found for test class [com.cy.store.StoreApplicationTests], using SpringBootContextLoader
13:11:26.732 [main] DEBUG org.springframework.test.context.support.AbstractContextLoader - Did not detect default resource location for test class [com.cy.store.StoreApplicationTests]: class path resource [com/cy/store/StoreApplicationTests-context.xml] does not exist
13:11:26.732 [main] DEBUG org.springframework.test.context.support.AbstractContextLoader - Did not detect default resource location for test class [com.cy.store.StoreApplicationTests]: class path resource [com/cy/store/StoreApplicationTestsContext.groovy] does not exist
13:11:26.732 [main] INFO org.springframework.test.context.support.AbstractContextLoader - Could not detect default resource locations for test class [com.cy.store.StoreApplicationTests]: no resource found for suffixes {-context.xml, Context.groovy}.
13:11:26.733 [main] INFO org.springframework.test.context.support.AnnotationConfigContextLoaderUtils - Could not detect default configuration classes for test class [com.cy.store.StoreApplicationTests]: StoreApplicationTests does not declare any static, non-private, non-final, nested classes annotated with @Configuration.
13:11:26.763 [main] DEBUG org.springframework.test.context.support.ActiveProfilesUtils - Could not find an 'annotation declaring class' for annotation type [org.springframework.test.context.ActiveProfiles] and class [com.cy.store.StoreApplicationTests]
13:11:26.819 [main] DEBUG org.springframework.context.annotation.ClassPathScanningCandidateComponentProvider - Identified candidate component class: file [E:\Java\store\target\classes\com\cy\store\StoreApplication.class]
13:11:26.820 [main] INFO org.springframework.boot.test.context.SpringBootTestContextBootstrapper - Found @SpringBootConfiguration com.cy.store.StoreApplication for test class com.cy.store.StoreApplicationTests
13:11:26.906 [main] DEBUG org.springframework.boot.test.context.SpringBootTestContextBootstrapper - @TestExecutionListeners is not present for class [com.cy.store.StoreApplicationTests]: using defaults.
13:11:26.907 [main] INFO org.springframework.boot.test.context.SpringBootTestContextBootstrapper - Loaded default TestExecutionListener class names from location [META-INF/spring.factories]: [org.springframework.boot.test.mock.mockito.MockitoTestExecutionListener, org.springframework.boot.test.mock.mockito.ResetMocksTestExecutionListener, org.springframework.boot.test.autoconfigure.restdocs.RestDocsTestExecutionListener, org.springframework.boot.test.autoconfigure.web.client.MockRestServiceServerResetTestExecutionListener, org.springframework.boot.test.autoconfigure.web.servlet.MockMvcPrintOnlyOnFailureTestExecutionListener, org.springframework.boot.test.autoconfigure.web.servlet.WebDriverTestExecutionListener, org.springframework.boot.test.autoconfigure.webservices.client.MockWebServiceServerTestExecutionListener, org.springframework.test.context.web.ServletTestExecutionListener, org.springframework.test.context.support.DirtiesContextBeforeModesTestExecutionListener, org.springframework.test.context.event.ApplicationEventsTestExecutionListener, org.springframework.test.context.support.DependencyInjectionTestExecutionListener, org.springframework.test.context.support.DirtiesContextTestExecutionListener, org.springframework.test.context.transaction.TransactionalTestExecutionListener, org.springframework.test.context.jdbc.SqlScriptsTestExecutionListener, org.springframework.test.context.event.EventPublishingTestExecutionListener]
13:11:26.923 [main] INFO org.springframework.boot.test.context.SpringBootTestContextBootstrapper - Using TestExecutionListeners: [org.springframework.test.context.web.ServletTestExecutionListener@5c86a017, org.springframework.test.context.support.DirtiesContextBeforeModesTestExecutionListener@5c7bfdc1, org.springframework.test.context.event.ApplicationEventsTestExecutionListener@5276d6ee, org.springframework.boot.test.mock.mockito.MockitoTestExecutionListener@71687585, org.springframework.boot.test.autoconfigure.SpringBootDependencyInjectionTestExecutionListener@1807f5a7, org.springframework.test.context.support.DirtiesContextTestExecutionListener@1b919693, org.springframework.test.context.transaction.TransactionalTestExecutionListener@7fb4f2a9, org.springframework.test.context.jdbc.SqlScriptsTestExecutionListener@4dc27487, org.springframework.test.context.event.EventPublishingTestExecutionListener@6a4f1a55, org.springframework.boot.test.mock.mockito.ResetMocksTestExecutionListener@7dfd3c81, org.springframework.boot.test.autoconfigure.restdocs.RestDocsTestExecutionListener@2584b82d, org.springframework.boot.test.autoconfigure.web.client.MockRestServiceServerResetTestExecutionListener@7bbc8656, org.springframework.boot.test.autoconfigure.web.servlet.MockMvcPrintOnlyOnFailureTestExecutionListener@6933b6c6, org.springframework.boot.test.autoconfigure.web.servlet.WebDriverTestExecutionListener@7d3e8655, org.springframework.boot.test.autoconfigure.webservices.client.MockWebServiceServerTestExecutionListener@7dfb0c0f]
13:11:26.927 [main] DEBUG org.springframework.test.context.support.AbstractDirtiesContextTestExecutionListener - Before test class: context [DefaultTestContext@5a7fe64f testClass = StoreApplicationTests, testInstance = [null], testMethod = [null], testException = [null], mergedContextConfiguration = [WebMergedContextConfiguration@38145825 testClass = StoreApplicationTests, locations = '{}', classes = '{class com.cy.store.StoreApplication}', contextInitializerClasses = '[]', activeProfiles = '{}', propertySourceLocations = '{}', propertySourceProperties = '{org.springframework.boot.test.context.SpringBootTestContextBootstrapper=true}', contextCustomizers = set[org.springframework.boot.test.context.filter.ExcludeFilterContextCustomizer@206a70ef, org.springframework.boot.test.json.DuplicateJsonObjectContextCustomizerFactory$DuplicateJsonObjectContextCustomizer@36ebc363, org.springframework.boot.test.mock.mockito.MockitoContextCustomizer@0, org.springframework.boot.test.web.client.TestRestTemplateContextCustomizer@5aa9e4eb, org.springframework.boot.test.autoconfigure.actuate.metrics.MetricsExportContextCustomizerFactory$DisableMetricExportContextCustomizer@229f66ed, org.springframework.boot.test.autoconfigure.properties.PropertyMappingContextCustomizer@0, org.springframework.boot.test.autoconfigure.web.servlet.WebDriverContextCustomizerFactory$Customizer@3bf7ca37, org.springframework.boot.test.context.SpringBootTestArgs@1, org.springframework.boot.test.context.SpringBootTestWebEnvironment@a7e666], resourceBasePath = 'src/main/webapp', contextLoader = 'org.springframework.boot.test.context.SpringBootContextLoader', parent = [null]], attributes = map['org.springframework.test.context.web.ServletTestExecutionListener.activateListener' -> true]], class annotated with @DirtiesContext [false] with mode [null].

  .   ____          _            __ _ _
 /\\ / ___'_ __ _ _(_)_ __  __ _ \ \ \ \
( ( )\___ | '_ | '_| | '_ \/ _` | \ \ \ \
 \\/  ___)| |_)| | | | | || (_| |  ) ) ) )
  '  |____| .__|_| |_|_| |_\__, | / / / /
 =========|_|==============|___/=/_/_/_/
 :: Spring Boot ::               (v2.6.13)

2024-11-13 13:11:27.159  INFO 15072 --- [           main] com.cy.store.StoreApplicationTests       : Starting StoreApplicationTests using Java 1.8.0_202 on DESKTOP-LLI5MTO with PID 15072 (started by Christopher in E:\Java\store)
2024-11-13 13:11:27.161  INFO 15072 --- [           main] com.cy.store.StoreApplicationTests       : No active profile set, falling back to 1 default profile: "default"
2024-11-13 13:11:28.549  INFO 15072 --- [           main] o.s.b.a.w.s.WelcomePageHandlerMapping    : Adding welcome page: class path resource [static/index.html]
2024-11-13 13:11:28.754  INFO 15072 --- [           main] com.cy.store.StoreApplicationTests       : Started StoreApplicationTests in 1.795 seconds (JVM running for 2.567)
2024-11-13 13:11:28.940  INFO 15072 --- [           main] com.zaxxer.hikari.HikariDataSource       : HikariPool-1 - Starting...
2024-11-13 13:11:29.668  INFO 15072 --- [           main] com.zaxxer.hikari.HikariDataSource       : HikariPool-1 - Start completed.
HikariProxyConnection@1411828534 wrapping com.mysql.cj.jdbc.ConnectionImpl@65e22def
]]></system-out>
  </testcase>
  <testcase name="contextLoads" classname="com.cy.store.StoreApplicationTests" time="0.003"/>
</testsuite>